<?xml version="1.0" encoding="UTF-8" ?>
<testsuite tests="17" failures="0" name="br.com.contmatic.model.telefone.TelefoneTest" time="0" errors="0" skipped="0">
  <properties>
    <property name="java.runtime.name" value="OpenJDK Runtime Environment"/>
    <property name="sun.boot.library.path" value="C:\Program Files\Zulu\zulu-8\jre\bin"/>
    <property name="java.vm.version" value="25.265-b11"/>
    <property name="jdk.vendor.version" value="Zulu 8.48.0.53-CA-win64"/>
    <property name="java.vm.vendor" value="Azul Systems, Inc."/>
    <property name="maven.multiModuleProjectDirectory" value="C:\Users\Jéssica\Documents\Etapa 2\empresa"/>
    <property name="java.vendor.url" value="http://www.azulsystems.com/"/>
    <property name="path.separator" value=";"/>
    <property name="guice.disable.misplaced.annotation.check" value="true"/>
    <property name="java.vm.name" value="OpenJDK 64-Bit Server VM"/>
    <property name="file.encoding.pkg" value="sun.io"/>
    <property name="user.script" value=""/>
    <property name="user.country" value="BR"/>
    <property name="sun.java.launcher" value="SUN_STANDARD"/>
    <property name="sun.os.patch.level" value=""/>
    <property name="java.vm.specification.name" value="Java Virtual Machine Specification"/>
    <property name="user.dir" value="C:\Users\Jéssica\Documents\Etapa 2\empresa"/>
    <property name="java.runtime.version" value="1.8.0_265-b11"/>
    <property name="java.awt.graphicsenv" value="sun.awt.Win32GraphicsEnvironment"/>
    <property name="java.endorsed.dirs" value="C:\Program Files\Zulu\zulu-8\jre\lib\endorsed"/>
    <property name="os.arch" value="amd64"/>
    <property name="java.io.tmpdir" value="C:\Users\JSSICA~1\AppData\Local\Temp\"/>
    <property name="line.separator" value="
"/>
    <property name="java.vm.specification.vendor" value="Oracle Corporation"/>
    <property name="user.variant" value=""/>
    <property name="os.name" value="Windows 10"/>
    <property name="classworlds.conf" value="C:\Users\Jéssica\Documents\workspaces\etapa_2\.metadata\.plugins\org.eclipse.m2e.launching\launches\m2conf5727643486188731549.tmp"/>
    <property name="jansi.force" value="true"/>
    <property name="sun.jnu.encoding" value="Cp1252"/>
    <property name="java.library.path" value="C:\Program Files\Zulu\zulu-8\bin;C:\WINDOWS\Sun\Java\bin;C:\WINDOWS\system32;C:\WINDOWS;C:/Program Files/Java/jre1.8.0_241/bin/server;C:/Program Files/Java/jre1.8.0_241/bin;C:/Program Files/Java/jre1.8.0_241/lib/amd64;C:\ProgramData\Oracle\Java\javapath;C:\Program Files (x86)\Common Files\Oracle\Java\javapath;C:\Program Files (x86)\Intel\Intel(R) Management Engine Components\iCLS\;C:\Program Files\Intel\Intel(R) Management Engine Components\iCLS\;C:\WINDOWS\system32;C:\WINDOWS;C:\WINDOWS\System32\Wbem;C:\WINDOWS\System32\WindowsPowerShell\v1.0\;C:\Program Files (x86)\Intel\Intel(R) Management Engine Components\DAL;C:\Program Files\Intel\Intel(R) Management Engine Components\DAL;C:\Program Files (x86)\Intel\Intel(R) Management Engine Components\IPT;C:\Program Files\Intel\Intel(R) Management Engine Components\IPT;C:\WINDOWS\System32\OpenSSH\;C:\Program Files\Git\cmd;C:\Program Files\nodejs\;C:\Program Files\Zulu\zulu-8\bin\;C:\Program Files\apache-maven-3.6.3\bin;C:\Users\Jéssica\AppData\Local\Programs\Python\Python38\Scripts\;C:\Users\Jéssica\AppData\Local\Programs\Python\Python38\;C:\Users\Jéssica\AppData\Local\Microsoft\WindowsApps;C:\Users\Jéssica\AppData\Local\GitHubDesktop\bin;C:\Users\Jéssica\AppData\Local\Microsoft\WindowsApps;C:\Users\Jéssica\AppData\Roaming\npm;C:\Users\Jéssica\AppData\Local\Programs\Microsoft VS Code\bin;C:\Users\Jéssica\Downloads\sts-4.6.1.RELEASE;;."/>
    <property name="jansi.passthrough" value="true"/>
    <property name="java.specification.name" value="Java Platform API Specification"/>
    <property name="java.class.version" value="52.0"/>
    <property name="sun.management.compiler" value="HotSpot 64-Bit Tiered Compilers"/>
    <property name="os.version" value="10.0"/>
    <property name="user.home" value="C:\Users\Jéssica"/>
    <property name="user.timezone" value="America/Sao_Paulo"/>
    <property name="java.awt.printerjob" value="sun.awt.windows.WPrinterJob"/>
    <property name="java.specification.version" value="1.8"/>
    <property name="file.encoding" value="UTF-8"/>
    <property name="user.name" value="Jessica"/>
    <property name="java.class.path" value="C:\Users\Jéssica\Downloads\sts-4.6.1.RELEASE\plugins\org.eclipse.m2e.maven.runtime_1.15.0.20200310-1832\jars\plexus-classworlds-2.6.0.jar"/>
    <property name="java.vm.specification.version" value="1.8"/>
    <property name="sun.arch.data.model" value="64"/>
    <property name="java.home" value="C:\Program Files\Zulu\zulu-8\jre"/>
    <property name="sun.java.command" value="org.codehaus.plexus.classworlds.launcher.Launcher -B install -Dstyle.color=always"/>
    <property name="java.specification.vendor" value="Oracle Corporation"/>
    <property name="user.language" value="pt"/>
    <property name="awt.toolkit" value="sun.awt.windows.WToolkit"/>
    <property name="java.vm.info" value="mixed mode"/>
    <property name="java.version" value="1.8.0_265"/>
    <property name="java.ext.dirs" value="C:\Program Files\Zulu\zulu-8\jre\lib\ext;C:\WINDOWS\Sun\Java\lib\ext"/>
    <property name="sun.boot.class.path" value="C:\Program Files\Zulu\zulu-8\jre\lib\resources.jar;C:\Program Files\Zulu\zulu-8\jre\lib\rt.jar;C:\Program Files\Zulu\zulu-8\jre\lib\sunrsasign.jar;C:\Program Files\Zulu\zulu-8\jre\lib\jsse.jar;C:\Program Files\Zulu\zulu-8\jre\lib\jce.jar;C:\Program Files\Zulu\zulu-8\jre\lib\charsets.jar;C:\Program Files\Zulu\zulu-8\jre\lib\jfr.jar;C:\Program Files\Zulu\zulu-8\jre\classes"/>
    <property name="java.vendor" value="Azul Systems, Inc."/>
    <property name="maven.home" value="C:\Users\Jéssica\Documents\Etapa 2\empresa\EMBEDDED"/>
    <property name="style.color" value="always"/>
    <property name="file.separator" value="\"/>
    <property name="java.vendor.url.bug" value="http://www.azulsystems.com/support/"/>
    <property name="sun.cpu.endian" value="little"/>
    <property name="sun.io.unicode.encoding" value="UnicodeLittle"/>
    <property name="sun.desktop" value="windows"/>
    <property name="sun.cpu.isalist" value="amd64"/>
  </properties>
  <testcase classname="br.com.contmatic.model.telefone.TelefoneTest" name="deve_retornar_verdadeiro_quando_todos_os_campos_de_telefone_sao_validos" time="0"/>
  <testcase classname="br.com.contmatic.model.telefone.TelefoneTest" name="deve_retornar_verdadeiro_na_comparacao_do_get_com_a_tipo_igual_do_enviado_no_set" time="0"/>
  <testcase classname="br.com.contmatic.model.telefone.TelefoneTest" name="deve_retornar_falso_na_comparacao_de_um_telefone_com_outro_obejto_usando_equals" time="0"/>
  <testcase classname="br.com.contmatic.model.telefone.TelefoneTest" name="deve_retornar_verdadeiro_na_comparacao_do_get_com_numero_igual_do_enviado_no_set" time="0"/>
  <testcase classname="br.com.contmatic.model.telefone.TelefoneTest" name="deve_retornar_verdadeiro_na_comparacao_de_dois_telefones_iguais_com_equals" time="0"/>
  <testcase classname="br.com.contmatic.model.telefone.TelefoneTest" name="deve_retornar_falso_na_comparacao_de_dois_telefones_diferentes_com_equals" time="0"/>
  <testcase classname="br.com.contmatic.model.telefone.TelefoneTest" name="deve_retornar_verdadeiro_para_um_ddd_nao_nulo" time="0"/>
  <testcase classname="br.com.contmatic.model.telefone.TelefoneTest" name="deve_retornar_verdadeiro_para_um_tipo_nao_nulo" time="0"/>
  <testcase classname="br.com.contmatic.model.telefone.TelefoneTest" name="deve_retornar_falso_na_comparacao_de_um_telefone_com_null_usando_o_equals_" time="0"/>
  <testcase classname="br.com.contmatic.model.telefone.TelefoneTest" name="deve_retornar_verdadeiro_na_captura_de_erro_quando_o_numero_de_telefone_e_nulo" time="0"/>
  <testcase classname="br.com.contmatic.model.telefone.TelefoneTest" name="deve_retornar_verdadeiro_na_comparacao_do_get_com_ddd_igual_do_enviado_no_set" time="0"/>
  <testcase classname="br.com.contmatic.model.telefone.TelefoneTest" name="deve_retornar_falso_na_comparacao_de_dois_hascodes_diferentes" time="0"/>
  <testcase classname="br.com.contmatic.model.telefone.TelefoneTest" name="deve_retornar_verdadeiro_na_captura_de_erro_quando_o_numero_tiver_letra_ou_caractere_especial" time="0"/>
  <testcase classname="br.com.contmatic.model.telefone.TelefoneTest" name="deve_retornar_verdadeiro_para_um_numero_nao_nulo" time="0"/>
  <testcase classname="br.com.contmatic.model.telefone.TelefoneTest" name="deve_retornar_verdadeiro_na_comparacao_de_dois_hascodes_iguais" time="0"/>
  <testcase classname="br.com.contmatic.model.telefone.TelefoneTest" name="deve_retornar_verdadeiro_na_comparacao_do_get_com_tamanho_do_tipo_igual_do_enviado_no_set" time="0"/>
  <testcase classname="br.com.contmatic.model.telefone.TelefoneTest" name="deve_retornar_verdadeiro_na_comparacao_do_get_com_a_regiao_do_ddd_igual_do_enviado_no_set" time="0"/>
</testsuite>